Command line invocation:
    /Applications/Xcode.app/Contents/Developer/usr/bin/xcodebuild -project ios_hrv.xcodeproj -scheme ios_hrv -destination "platform=iOS Simulator,name=iPhone 16 Pro" build

Resolve Package Graph


Resolved source packages:
  swift-clocks: https://github.com/pointfreeco/swift-clocks @ 1.0.6
  xctest-dynamic-overlay: https://github.com/pointfreeco/xctest-dynamic-overlay @ 1.6.1
  RxSwift: https://github.com/ReactiveX/RxSwift.git @ 6.5.0
  swift-concurrency-extras: https://github.com/pointfreeco/swift-concurrency-extras @ 1.3.1
  Zip: https://github.com/marmelroy/Zip.git @ 2.1.2
  swift-crypto: https://github.com/apple/swift-crypto.git @ 3.14.0
  SwiftProtobuf: https://github.com/apple/swift-protobuf.git @ 1.30.0
  swift-http-types: https://github.com/apple/swift-http-types.git @ 1.4.0
  Supabase: https://github.com/supabase/supabase-swift.git @ 2.31.2
  PolarBleSdk: https://github.com/polarofficial/polar-ble-sdk @ 6.4.0
  swift-asn1: https://github.com/apple/swift-asn1.git @ 1.4.0

--- xcodebuild: WARNING: Using the first of multiple matching destinations:
{ platform:iOS Simulator, arch:arm64, id:F9304DA0-BA08-4080-BBE5-0324BAF8829B, OS:18.5, name:iPhone 16 Pro }
{ platform:iOS Simulator, arch:x86_64, id:F9304DA0-BA08-4080-BBE5-0324BAF8829B, OS:18.5, name:iPhone 16 Pro }
ComputePackagePrebuildTargetDependencyGraph

Prepare packages

CreateBuildRequest

SendProjectDescription

CreateBuildOperation

ComputeTargetDependencyGraph
note: Building targets in dependency order
note: Target dependency graph (36 targets)
    Target 'ios_hrv' in project 'ios_hrv'
        ➜ Explicit dependency on target 'Storage' in project 'Supabase'
        ➜ Explicit dependency on target 'PostgREST' in project 'Supabase'
        ➜ Explicit dependency on target 'Functions' in project 'Supabase'
        ➜ Explicit dependency on target 'Auth' in project 'Supabase'
        ➜ Explicit dependency on target 'Realtime' in project 'Supabase'
        ➜ Explicit dependency on target 'PolarBleSdk' in project 'PolarBleSdk'
    Target 'PolarBleSdk' in project 'PolarBleSdk'
        ➜ Explicit dependency on target 'PolarBleSdk' in project 'PolarBleSdk'
        ➜ Explicit dependency on target 'SwiftProtobuf' in project 'SwiftProtobuf'
        ➜ Explicit dependency on target 'RxSwift' in project 'RxSwift'
        ➜ Explicit dependency on target 'Zip' in project 'Zip'
    Target 'PolarBleSdk' in project 'PolarBleSdk'
        ➜ Explicit dependency on target 'SwiftProtobuf' in project 'SwiftProtobuf'
        ➜ Explicit dependency on target 'RxSwift' in project 'RxSwift'
        ➜ Explicit dependency on target 'Zip' in project 'Zip'
    Target 'Zip' in project 'Zip'
        ➜ Explicit dependency on target 'Zip' in project 'Zip'
        ➜ Explicit dependency on target 'Minizip' in project 'Zip'
    Target 'Zip' in project 'Zip'
        ➜ Explicit dependency on target 'Minizip' in project 'Zip'
    Target 'Minizip' in project 'Zip' (no dependencies)
    Target 'RxSwift' in project 'RxSwift'
        ➜ Explicit dependency on target 'RxSwift' in project 'RxSwift'
    Target 'RxSwift' in project 'RxSwift' (no dependencies)
    Target 'SwiftProtobuf' in project 'SwiftProtobuf'
        ➜ Explicit dependency on target 'SwiftProtobuf' in project 'SwiftProtobuf'
        ➜ Explicit dependency on target 'SwiftProtobuf_SwiftProtobuf' in project 'SwiftProtobuf'
    Target 'SwiftProtobuf' in project 'SwiftProtobuf'
        ➜ Explicit dependency on target 'SwiftProtobuf_SwiftProtobuf' in project 'SwiftProtobuf'
    Target 'SwiftProtobuf_SwiftProtobuf' in project 'SwiftProtobuf' (no dependencies)
    Target 'Realtime' in project 'Supabase'
        ➜ Explicit dependency on target 'Realtime' in project 'Supabase'
        ➜ Explicit dependency on target 'Helpers' in project 'Supabase'
        ➜ Explicit dependency on target 'ConcurrencyExtras' in project 'swift-concurrency-extras'
        ➜ Explicit dependency on target 'HTTPTypes' in project 'swift-http-types'
        ➜ Explicit dependency on target 'Clocks' in project 'swift-clocks'
        ➜ Explicit dependency on target 'XCTestDynamicOverlay' in project 'xctest-dynamic-overlay'
        ➜ Explicit dependency on target 'IssueReporting' in project 'xctest-dynamic-overlay'
    Target 'Realtime' in project 'Supabase'
        ➜ Explicit dependency on target 'Helpers' in project 'Supabase'
        ➜ Explicit dependency on target 'ConcurrencyExtras' in project 'swift-concurrency-extras'
        ➜ Explicit dependency on target 'HTTPTypes' in project 'swift-http-types'
        ➜ Explicit dependency on target 'Clocks' in project 'swift-clocks'
        ➜ Explicit dependency on target 'XCTestDynamicOverlay' in project 'xctest-dynamic-overlay'
        ➜ Explicit dependency on target 'IssueReporting' in project 'xctest-dynamic-overlay'
    Target 'Auth' in project 'Supabase'
        ➜ Explicit dependency on target 'Auth' in project 'Supabase'
        ➜ Explicit dependency on target 'Helpers' in project 'Supabase'
        ➜ Explicit dependency on target 'ConcurrencyExtras' in project 'swift-concurrency-extras'
        ➜ Explicit dependency on target 'HTTPTypes' in project 'swift-http-types'
        ➜ Explicit dependency on target 'Clocks' in project 'swift-clocks'
        ➜ Explicit dependency on target 'XCTestDynamicOverlay' in project 'xctest-dynamic-overlay'
        ➜ Explicit dependency on target 'Crypto' in project 'swift-crypto'
    Target 'Auth' in project 'Supabase'
        ➜ Explicit dependency on target 'Helpers' in project 'Supabase'
        ➜ Explicit dependency on target 'ConcurrencyExtras' in project 'swift-concurrency-extras'
        ➜ Explicit dependency on target 'HTTPTypes' in project 'swift-http-types'
        ➜ Explicit dependency on target 'Clocks' in project 'swift-clocks'
        ➜ Explicit dependency on target 'XCTestDynamicOverlay' in project 'xctest-dynamic-overlay'
        ➜ Explicit dependency on target 'Crypto' in project 'swift-crypto'
    Target 'Crypto' in project 'swift-crypto'
        ➜ Explicit dependency on target 'Crypto' in project 'swift-crypto'
        ➜ Explicit dependency on target 'swift-crypto_Crypto' in project 'swift-crypto'
    Target 'Crypto' in project 'swift-crypto'
        ➜ Explicit dependency on target 'swift-crypto_Crypto' in project 'swift-crypto'
    Target 'swift-crypto_Crypto' in project 'swift-crypto' (no dependencies)
    Target 'Functions' in project 'Supabase'
        ➜ Explicit dependency on target 'Functions' in project 'Supabase'
        ➜ Explicit dependency on target 'Helpers' in project 'Supabase'
        ➜ Explicit dependency on target 'ConcurrencyExtras' in project 'swift-concurrency-extras'
        ➜ Explicit dependency on target 'HTTPTypes' in project 'swift-http-types'
        ➜ Explicit dependency on target 'Clocks' in project 'swift-clocks'
        ➜ Explicit dependency on target 'XCTestDynamicOverlay' in project 'xctest-dynamic-overlay'
    Target 'Functions' in project 'Supabase'
        ➜ Explicit dependency on target 'Helpers' in project 'Supabase'
        ➜ Explicit dependency on target 'ConcurrencyExtras' in project 'swift-concurrency-extras'
        ➜ Explicit dependency on target 'HTTPTypes' in project 'swift-http-types'
        ➜ Explicit dependency on target 'Clocks' in project 'swift-clocks'
        ➜ Explicit dependency on target 'XCTestDynamicOverlay' in project 'xctest-dynamic-overlay'
    Target 'PostgREST' in project 'Supabase'
        ➜ Explicit dependency on target 'PostgREST' in project 'Supabase'
        ➜ Explicit dependency on target 'Helpers' in project 'Supabase'
        ➜ Explicit dependency on target 'ConcurrencyExtras' in project 'swift-concurrency-extras'
        ➜ Explicit dependency on target 'HTTPTypes' in project 'swift-http-types'
        ➜ Explicit dependency on target 'Clocks' in project 'swift-clocks'
        ➜ Explicit dependency on target 'XCTestDynamicOverlay' in project 'xctest-dynamic-overlay'
    Target 'PostgREST' in project 'Supabase'
        ➜ Explicit dependency on target 'Helpers' in project 'Supabase'
        ➜ Explicit dependency on target 'ConcurrencyExtras' in project 'swift-concurrency-extras'
        ➜ Explicit dependency on target 'HTTPTypes' in project 'swift-http-types'
        ➜ Explicit dependency on target 'Clocks' in project 'swift-clocks'
        ➜ Explicit dependency on target 'XCTestDynamicOverlay' in project 'xctest-dynamic-overlay'
    Target 'Storage' in project 'Supabase'
        ➜ Explicit dependency on target 'Storage' in project 'Supabase'
        ➜ Explicit dependency on target 'Helpers' in project 'Supabase'
        ➜ Explicit dependency on target 'ConcurrencyExtras' in project 'swift-concurrency-extras'
        ➜ Explicit dependency on target 'HTTPTypes' in project 'swift-http-types'
        ➜ Explicit dependency on target 'Clocks' in project 'swift-clocks'
        ➜ Explicit dependency on target 'XCTestDynamicOverlay' in project 'xctest-dynamic-overlay'
    Target 'Storage' in project 'Supabase'
        ➜ Explicit dependency on target 'Helpers' in project 'Supabase'
        ➜ Explicit dependency on target 'ConcurrencyExtras' in project 'swift-concurrency-extras'
        ➜ Explicit dependency on target 'HTTPTypes' in project 'swift-http-types'
        ➜ Explicit dependency on target 'Clocks' in project 'swift-clocks'
        ➜ Explicit dependency on target 'XCTestDynamicOverlay' in project 'xctest-dynamic-overlay'
    Target 'Helpers' in project 'Supabase'
        ➜ Explicit dependency on target 'ConcurrencyExtras' in project 'swift-concurrency-extras'
        ➜ Explicit dependency on target 'HTTPTypes' in project 'swift-http-types'
        ➜ Explicit dependency on target 'Clocks' in project 'swift-clocks'
        ➜ Explicit dependency on target 'XCTestDynamicOverlay' in project 'xctest-dynamic-overlay'
    Target 'XCTestDynamicOverlay' in project 'xctest-dynamic-overlay'
        ➜ Explicit dependency on target 'XCTestDynamicOverlay' in project 'xctest-dynamic-overlay'
        ➜ Explicit dependency on target 'IssueReportingPackageSupport' in project 'xctest-dynamic-overlay'
        ➜ Explicit dependency on target 'IssueReporting' in project 'xctest-dynamic-overlay'
    Target 'XCTestDynamicOverlay' in project 'xctest-dynamic-overlay'
        ➜ Explicit dependency on target 'IssueReportingPackageSupport' in project 'xctest-dynamic-overlay'
        ➜ Explicit dependency on target 'IssueReporting' in project 'xctest-dynamic-overlay'
    Target 'Clocks' in project 'swift-clocks'
        ➜ Explicit dependency on target 'Clocks' in project 'swift-clocks'
        ➜ Explicit dependency on target 'ConcurrencyExtras' in project 'swift-concurrency-extras'
        ➜ Explicit dependency on target 'IssueReporting' in project 'xctest-dynamic-overlay'
    Target 'Clocks' in project 'swift-clocks'
        ➜ Explicit dependency on target 'ConcurrencyExtras' in project 'swift-concurrency-extras'
        ➜ Explicit dependency on target 'IssueReporting' in project 'xctest-dynamic-overlay'
    Target 'IssueReporting' in project 'xctest-dynamic-overlay'
        ➜ Explicit dependency on target 'IssueReporting' in project 'xctest-dynamic-overlay'
        ➜ Explicit dependency on target 'IssueReportingPackageSupport' in project 'xctest-dynamic-overlay'
    Target 'IssueReporting' in project 'xctest-dynamic-overlay'
        ➜ Explicit dependency on target 'IssueReportingPackageSupport' in project 'xctest-dynamic-overlay'
    Target 'IssueReportingPackageSupport' in project 'xctest-dynamic-overlay' (no dependencies)
    Target 'HTTPTypes' in project 'swift-http-types'
        ➜ Explicit dependency on target 'HTTPTypes' in project 'swift-http-types'
    Target 'HTTPTypes' in project 'swift-http-types' (no dependencies)
    Target 'ConcurrencyExtras' in project 'swift-concurrency-extras'
        ➜ Explicit dependency on target 'ConcurrencyExtras' in project 'swift-concurrency-extras'
    Target 'ConcurrencyExtras' in project 'swift-concurrency-extras' (no dependencies)

GatherProvisioningInputs

CreateBuildDescription

ExecuteExternalTool /Applications/Xcode.app/Contents/Developer/Toolchains/XcodeDefault.xctoolchain/usr/bin/swiftc --version

ExecuteExternalTool /Applications/Xcode.app/Contents/Developer/Toolchains/XcodeDefault.xctoolchain/usr/bin/clang -v -E -dM -arch arm64 -isysroot /Applications/Xcode.app/Contents/Developer/Platforms/iPhoneSimulator.platform/Developer/SDKs/iPhoneSimulator18.5.sdk -x c -c /dev/null

ExecuteExternalTool /Applications/Xcode.app/Contents/Developer/Toolchains/XcodeDefault.xctoolchain/usr/bin/clang -v -E -dM -isysroot /Applications/Xcode.app/Contents/Developer/Platforms/iPhoneSimulator.platform/Developer/SDKs/iPhoneSimulator18.5.sdk -x c -c /dev/null

ExecuteExternalTool /Applications/Xcode.app/Contents/Developer/usr/bin/actool --print-asset-tag-combinations --output-format xml1 /Users/ashkanbeheshti/Desktop/hrv-ios-api/ios_hrv/ios_hrv/Assets.xcassets

ExecuteExternalTool /Applications/Xcode.app/Contents/Developer/usr/bin/actool --version --output-format xml1

ExecuteExternalTool /Applications/Xcode.app/Contents/Developer/Toolchains/XcodeDefault.xctoolchain/usr/bin/ld -version_details

ReadFileContents /Applications/Xcode.app/Contents/Developer/Toolchains/XcodeDefault.xctoolchain/usr/share/docc/features.json

Build description signature: 6f4425514e8bc0de6451d01af7a56d28
Build description path: /Users/ashkanbeheshti/Library/Developer/Xcode/DerivedData/ios_hrv-fcxfrydejuhrzkddotlidakkstku/Build/Intermediates.noindex/XCBuildData/6f4425514e8bc0de6451d01af7a56d28.xcbuilddata
ClangStatCache /Applications/Xcode.app/Contents/Developer/Toolchains/XcodeDefault.xctoolchain/usr/bin/clang-stat-cache /Applications/Xcode.app/Contents/Developer/Platforms/iPhoneSimulator.platform/Developer/SDKs/iPhoneSimulator18.5.sdk /Users/ashkanbeheshti/Library/Developer/Xcode/DerivedData/SDKStatCaches.noindex/iphonesimulator18.5-22F76-d5fc8ad4295d2ef488fb7d0f804ce0c4.sdkstatcache
    cd /Users/ashkanbeheshti/Desktop/hrv-ios-api/ios_hrv/ios_hrv.xcodeproj
    /Applications/Xcode.app/Contents/Developer/Toolchains/XcodeDefault.xctoolchain/usr/bin/clang-stat-cache /Applications/Xcode.app/Contents/Developer/Platforms/iPhoneSimulator.platform/Developer/SDKs/iPhoneSimulator18.5.sdk -o /Users/ashkanbeheshti/Library/Developer/Xcode/DerivedData/SDKStatCaches.noindex/iphonesimulator18.5-22F76-d5fc8ad4295d2ef488fb7d0f804ce0c4.sdkstatcache

ProcessInfoPlistFile /Users/ashkanbeheshti/Library/Developer/Xcode/DerivedData/ios_hrv-fcxfrydejuhrzkddotlidakkstku/Build/Products/Debug-iphonesimulator/swift-crypto_Crypto.bundle/Info.plist /Users/ashkanbeheshti/Library/Developer/Xcode/DerivedData/ios_hrv-fcxfrydejuhrzkddotlidakkstku/Build/Intermediates.noindex/swift-crypto.build/Debug-iphonesimulator/swift-crypto_Crypto.build/empty-swift-crypto_Crypto.plist (in target 'swift-crypto_Crypto' from project 'swift-crypto')
    cd /Users/ashkanbeheshti/Library/Developer/Xcode/DerivedData/ios_hrv-fcxfrydejuhrzkddotlidakkstku/SourcePackages/checkouts/swift-crypto
    builtin-infoPlistUtility /Users/ashkanbeheshti/Library/Developer/Xcode/DerivedData/ios_hrv-fcxfrydejuhrzkddotlidakkstku/Build/Intermediates.noindex/swift-crypto.build/Debug-iphonesimulator/swift-crypto_Crypto.build/empty-swift-crypto_Crypto.plist -producttype com.apple.product-type.bundle -expandbuildsettings -format binary -platform iphonesimulator -o /Users/ashkanbeheshti/Library/Developer/Xcode/DerivedData/ios_hrv-fcxfrydejuhrzkddotlidakkstku/Build/Products/Debug-iphonesimulator/swift-crypto_Crypto.bundle/Info.plist

ProcessInfoPlistFile /Users/ashkanbeheshti/Library/Developer/Xcode/DerivedData/ios_hrv-fcxfrydejuhrzkddotlidakkstku/Build/Products/Debug-iphonesimulator/SwiftProtobuf_SwiftProtobuf.bundle/Info.plist /Users/ashkanbeheshti/Library/Developer/Xcode/DerivedData/ios_hrv-fcxfrydejuhrzkddotlidakkstku/Build/Intermediates.noindex/SwiftProtobuf.build/Debug-iphonesimulator/SwiftProtobuf_SwiftProtobuf.build/empty-SwiftProtobuf_SwiftProtobuf.plist (in target 'SwiftProtobuf_SwiftProtobuf' from project 'SwiftProtobuf')
    cd /Users/ashkanbeheshti/Library/Developer/Xcode/DerivedData/ios_hrv-fcxfrydejuhrzkddotlidakkstku/SourcePackages/checkouts/swift-protobuf
    builtin-infoPlistUtility /Users/ashkanbeheshti/Library/Developer/Xcode/DerivedData/ios_hrv-fcxfrydejuhrzkddotlidakkstku/Build/Intermediates.noindex/SwiftProtobuf.build/Debug-iphonesimulator/SwiftProtobuf_SwiftProtobuf.build/empty-SwiftProtobuf_SwiftProtobuf.plist -producttype com.apple.product-type.bundle -expandbuildsettings -format binary -platform iphonesimulator -o /Users/ashkanbeheshti/Library/Developer/Xcode/DerivedData/ios_hrv-fcxfrydejuhrzkddotlidakkstku/Build/Products/Debug-iphonesimulator/SwiftProtobuf_SwiftProtobuf.bundle/Info.plist

WriteAuxiliaryFile /Users/ashkanbeheshti/Library/Developer/Xcode/DerivedData/ios_hrv-fcxfrydejuhrzkddotlidakkstku/Build/Intermediates.noindex/ios_hrv.build/Debug-iphonesimulator/ios_hrv.build/Objects-normal/arm64/ios_hrv.SwiftFileList (in target 'ios_hrv' from project 'ios_hrv')
    cd /Users/ashkanbeheshti/Desktop/hrv-ios-api/ios_hrv
    write-file /Users/ashkanbeheshti/Library/Developer/Xcode/DerivedData/ios_hrv-fcxfrydejuhrzkddotlidakkstku/Build/Intermediates.noindex/ios_hrv.build/Debug-iphonesimulator/ios_hrv.build/Objects-normal/arm64/ios_hrv.SwiftFileList

WriteAuxiliaryFile /Users/ashkanbeheshti/Library/Developer/Xcode/DerivedData/ios_hrv-fcxfrydejuhrzkddotlidakkstku/Build/Intermediates.noindex/ios_hrv.build/Debug-iphonesimulator/ios_hrv.build/Objects-normal/arm64/ios_hrv.LinkFileList (in target 'ios_hrv' from project 'ios_hrv')
    cd /Users/ashkanbeheshti/Desktop/hrv-ios-api/ios_hrv
    write-file /Users/ashkanbeheshti/Library/Developer/Xcode/DerivedData/ios_hrv-fcxfrydejuhrzkddotlidakkstku/Build/Intermediates.noindex/ios_hrv.build/Debug-iphonesimulator/ios_hrv.build/Objects-normal/arm64/ios_hrv.LinkFileList

WriteAuxiliaryFile /Users/ashkanbeheshti/Library/Developer/Xcode/DerivedData/ios_hrv-fcxfrydejuhrzkddotlidakkstku/Build/Intermediates.noindex/ios_hrv.build/Debug-iphonesimulator/ios_hrv.build/Objects-normal/arm64/ios_hrv.SwiftConstValuesFileList (in target 'ios_hrv' from project 'ios_hrv')
    cd /Users/ashkanbeheshti/Desktop/hrv-ios-api/ios_hrv
    write-file /Users/ashkanbeheshti/Library/Developer/Xcode/DerivedData/ios_hrv-fcxfrydejuhrzkddotlidakkstku/Build/Intermediates.noindex/ios_hrv.build/Debug-iphonesimulator/ios_hrv.build/Objects-normal/arm64/ios_hrv.SwiftConstValuesFileList

SwiftDriver ios_hrv normal arm64 com.apple.xcode.tools.swift.compiler (in target 'ios_hrv' from project 'ios_hrv')
    cd /Users/ashkanbeheshti/Desktop/hrv-ios-api/ios_hrv
    builtin-SwiftDriver -- /Applications/Xcode.app/Contents/Developer/Toolchains/XcodeDefault.xctoolchain/usr/bin/swiftc -module-name ios_hrv -Onone -enforce-exclusivity\=checked @/Users/ashkanbeheshti/Library/Developer/Xcode/DerivedData/ios_hrv-fcxfrydejuhrzkddotlidakkstku/Build/Intermediates.noindex/ios_hrv.build/Debug-iphonesimulator/ios_hrv.build/Objects-normal/arm64/ios_hrv.SwiftFileList -DDEBUG -Xcc -fmodule-map-file\=/Users/ashkanbeheshti/Library/Developer/Xcode/DerivedData/ios_hrv-fcxfrydejuhrzkddotlidakkstku/Build/Intermediates.noindex/GeneratedModuleMaps-iphonesimulator/Minizip.modulemap -enable-bare-slash-regex -enable-experimental-feature DebugDescriptionMacro -sdk /Applications/Xcode.app/Contents/Developer/Platforms/iPhoneSimulator.platform/Developer/SDKs/iPhoneSimulator18.5.sdk -target arm64-apple-ios18.5-simulator -g -module-cache-path /Users/ashkanbeheshti/Library/Developer/Xcode/DerivedData/ModuleCache.noindex -Xfrontend -serialize-debugging-options -profile-coverage-mapping -profile-generate -enable-testing -index-store-path /Users/ashkanbeheshti/Library/Developer/Xcode/DerivedData/ios_hrv-fcxfrydejuhrzkddotlidakkstku/Index.noindex/DataStore -swift-version 5 -I /Users/ashkanbeheshti/Library/Developer/Xcode/DerivedData/ios_hrv-fcxfrydejuhrzkddotlidakkstku/Build/Products/Debug-iphonesimulator -F /Users/ashkanbeheshti/Library/Developer/Xcode/DerivedData/ios_hrv-fcxfrydejuhrzkddotlidakkstku/Build/Products/Debug-iphonesimulator/PackageFrameworks -F /Users/ashkanbeheshti/Library/Developer/Xcode/DerivedData/ios_hrv-fcxfrydejuhrzkddotlidakkstku/Build/Products/Debug-iphonesimulator/PackageFrameworks -F /Users/ashkanbeheshti/Library/Developer/Xcode/DerivedData/ios_hrv-fcxfrydejuhrzkddotlidakkstku/Build/Products/Debug-iphonesimulator/PackageFrameworks -F /Users/ashkanbeheshti/Library/Developer/Xcode/DerivedData/ios_hrv-fcxfrydejuhrzkddotlidakkstku/Build/Products/Debug-iphonesimulator/PackageFrameworks -F /Users/ashkanbeheshti/Library/Developer/Xcode/DerivedData/ios_hrv-fcxfrydejuhrzkddotlidakkstku/Build/Products/Debug-iphonesimulator/PackageFrameworks -F /Users/ashkanbeheshti/Library/Developer/Xcode/DerivedData/ios_hrv-fcxfrydejuhrzkddotlidakkstku/Build/Products/Debug-iphonesimulator/PackageFrameworks -F /Users/ashkanbeheshti/Library/Developer/Xcode/DerivedData/ios_hrv-fcxfrydejuhrzkddotlidakkstku/Build/Products/Debug-iphonesimulator/PackageFrameworks -F /Users/ashkanbeheshti/Library/Developer/Xcode/DerivedData/ios_hrv-fcxfrydejuhrzkddotlidakkstku/Build/Products/Debug-iphonesimulator/PackageFrameworks -F /Users/ashkanbeheshti/Library/Developer/Xcode/DerivedData/ios_hrv-fcxfrydejuhrzkddotlidakkstku/Build/Products/Debug-iphonesimulator/PackageFrameworks -F /Users/ashkanbeheshti/Library/Developer/Xcode/DerivedData/ios_hrv-fcxfrydejuhrzkddotlidakkstku/Build/Products/Debug-iphonesimulator/PackageFrameworks -F /Users/ashkanbeheshti/Library/Developer/Xcode/DerivedData/ios_hrv-fcxfrydejuhrzkddotlidakkstku/Build/Products/Debug-iphonesimulator/PackageFrameworks -F /Users/ashkanbeheshti/Library/Developer/Xcode/DerivedData/ios_hrv-fcxfrydejuhrzkddotlidakkstku/Build/Products/Debug-iphonesimulator/PackageFrameworks -F /Users/ashkanbeheshti/Library/Developer/Xcode/DerivedData/ios_hrv-fcxfrydejuhrzkddotlidakkstku/Build/Products/Debug-iphonesimulator/PackageFrameworks -F /Users/ashkanbeheshti/Library/Developer/Xcode/DerivedData/ios_hrv-fcxfrydejuhrzkddotlidakkstku/Build/Products/Debug-iphonesimulator/PackageFrameworks -F /Users/ashkanbeheshti/Library/Developer/Xcode/DerivedData/ios_hrv-fcxfrydejuhrzkddotlidakkstku/Build/Products/Debug-iphonesimulator/PackageFrameworks -F /Users/ashkanbeheshti/Library/Developer/Xcode/DerivedData/ios_hrv-fcxfrydejuhrzkddotlidakkstku/Build/Products/Debug-iphonesimulator/PackageFrameworks -F /Users/ashkanbeheshti/Library/Developer/Xcode/DerivedData/ios_hrv-fcxfrydejuhrzkddotlidakkstku/Build/Products/Debug-iphonesimulator/PackageFrameworks -F /Users/ashkanbeheshti/Library/Developer/Xcode/DerivedData/ios_hrv-fcxfrydejuhrzkddotlidakkstku/Build/Products/Debug-iphonesimulator/PackageFrameworks -F /Users/ashkanbeheshti/Library/Developer/Xcode/DerivedData/ios_hrv-fcxfrydejuhrzkddotlidakkstku/Build/Products/Debug-iphonesimulator -emit-localized-strings -emit-localized-strings-path /Users/ashkanbeheshti/Library/Developer/Xcode/DerivedData/ios_hrv-fcxfrydejuhrzkddotlidakkstku/Build/Intermediates.noindex/ios_hrv.build/Debug-iphonesimulator/ios_hrv.build/Objects-normal/arm64 -c -j10 -enable-batch-mode -incremental -Xcc -ivfsstatcache -Xcc /Users/ashkanbeheshti/Library/Developer/Xcode/DerivedData/SDKStatCaches.noindex/iphonesimulator18.5-22F76-d5fc8ad4295d2ef488fb7d0f804ce0c4.sdkstatcache -output-file-map /Users/ashkanbeheshti/Library/Developer/Xcode/DerivedData/ios_hrv-fcxfrydejuhrzkddotlidakkstku/Build/Intermediates.noindex/ios_hrv.build/Debug-iphonesimulator/ios_hrv.build/Objects-normal/arm64/ios_hrv-OutputFileMap.json -use-frontend-parseable-output -save-temps -no-color-diagnostics -serialize-diagnostics -emit-dependencies -emit-module -emit-module-path /Users/ashkanbeheshti/Library/Developer/Xcode/DerivedData/ios_hrv-fcxfrydejuhrzkddotlidakkstku/Build/Intermediates.noindex/ios_hrv.build/Debug-iphonesimulator/ios_hrv.build/Objects-normal/arm64/ios_hrv.swiftmodule -validate-clang-modules-once -clang-build-session-file /Users/ashkanbeheshti/Library/Developer/Xcode/DerivedData/ModuleCache.noindex/Session.modulevalidation -Xcc -I/Users/ashkanbeheshti/Library/Developer/Xcode/DerivedData/ios_hrv-fcxfrydejuhrzkddotlidakkstku/Build/Intermediates.noindex/ios_hrv.build/Debug-iphonesimulator/ios_hrv.build/swift-overrides.hmap -emit-const-values -Xfrontend -const-gather-protocols-file -Xfrontend /Users/ashkanbeheshti/Library/Developer/Xcode/DerivedData/ios_hrv-fcxfrydejuhrzkddotlidakkstku/Build/Intermediates.noindex/ios_hrv.build/Debug-iphonesimulator/ios_hrv.build/Objects-normal/arm64/ios_hrv_const_extract_protocols.json -Xcc -iquote -Xcc /Users/ashkanbeheshti/Library/Developer/Xcode/DerivedData/ios_hrv-fcxfrydejuhrzkddotlidakkstku/Build/Intermediates.noindex/ios_hrv.build/Debug-iphonesimulator/ios_hrv.build/ios_hrv-generated-files.hmap -Xcc -I/Users/ashkanbeheshti/Library/Developer/Xcode/DerivedData/ios_hrv-fcxfrydejuhrzkddotlidakkstku/Build/Intermediates.noindex/ios_hrv.build/Debug-iphonesimulator/ios_hrv.build/ios_hrv-own-target-headers.hmap -Xcc -I/Users/ashkanbeheshti/Library/Developer/Xcode/DerivedData/ios_hrv-fcxfrydejuhrzkddotlidakkstku/Build/Intermediates.noindex/ios_hrv.build/Debug-iphonesimulator/ios_hrv.build/ios_hrv-all-non-framework-target-headers.hmap -Xcc -ivfsoverlay -Xcc /Users/ashkanbeheshti/Library/Developer/Xcode/DerivedData/ios_hrv-fcxfrydejuhrzkddotlidakkstku/Build/Intermediates.noindex/ios_hrv.build/Debug-iphonesimulator/ios_hrv-240fc5378476aa196db036ea3e4dcc32-VFS-iphonesimulator/all-product-headers.yaml -Xcc -iquote -Xcc /Users/ashkanbeheshti/Library/Developer/Xcode/DerivedData/ios_hrv-fcxfrydejuhrzkddotlidakkstku/Build/Intermediates.noindex/ios_hrv.build/Debug-iphonesimulator/ios_hrv.build/ios_hrv-project-headers.hmap -Xcc -I/Users/ashkanbeheshti/Library/Developer/Xcode/DerivedData/ios_hrv-fcxfrydejuhrzkddotlidakkstku/SourcePackages/checkouts/Zip/Zip/minizip/include -Xcc -I/Users/ashkanbeheshti/Library/Developer/Xcode/DerivedData/ios_hrv-fcxfrydejuhrzkddotlidakkstku/Build/Products/Debug-iphonesimulator/include -Xcc -I/Users/ashkanbeheshti/Library/Developer/Xcode/DerivedData/ios_hrv-fcxfrydejuhrzkddotlidakkstku/Build/Intermediates.noindex/ios_hrv.build/Debug-iphonesimulator/ios_hrv.build/DerivedSources-normal/arm64 -Xcc -I/Users/ashkanbeheshti/Library/Developer/Xcode/DerivedData/ios_hrv-fcxfrydejuhrzkddotlidakkstku/Build/Intermediates.noindex/ios_hrv.build/Debug-iphonesimulator/ios_hrv.build/DerivedSources/arm64 -Xcc -I/Users/ashkanbeheshti/Library/Developer/Xcode/DerivedData/ios_hrv-fcxfrydejuhrzkddotlidakkstku/Build/Intermediates.noindex/ios_hrv.build/Debug-iphonesimulator/ios_hrv.build/DerivedSources -Xcc -DDEBUG\=1 -emit-objc-header -emit-objc-header-path /Users/ashkanbeheshti/Library/Developer/Xcode/DerivedData/ios_hrv-fcxfrydejuhrzkddotlidakkstku/Build/Intermediates.noindex/ios_hrv.build/Debug-iphonesimulator/ios_hrv.build/Objects-normal/arm64/ios_hrv-Swift.h -working-directory /Users/ashkanbeheshti/Desktop/hrv-ios-api/ios_hrv -experimental-emit-module-separately -disable-cmo

ProcessInfoPlistFile /Users/ashkanbeheshti/Library/Developer/Xcode/DerivedData/ios_hrv-fcxfrydejuhrzkddotlidakkstku/Build/Products/Debug-iphonesimulator/ios_hrv.app/Info.plist /Users/ashkanbeheshti/Desktop/hrv-ios-api/ios_hrv/ios-hrv-Info.plist (in target 'ios_hrv' from project 'ios_hrv')
    cd /Users/ashkanbeheshti/Desktop/hrv-ios-api/ios_hrv
    builtin-infoPlistUtility /Users/ashkanbeheshti/Desktop/hrv-ios-api/ios_hrv/ios-hrv-Info.plist -producttype com.apple.product-type.application -genpkginfo /Users/ashkanbeheshti/Library/Developer/Xcode/DerivedData/ios_hrv-fcxfrydejuhrzkddotlidakkstku/Build/Products/Debug-iphonesimulator/ios_hrv.app/PkgInfo -expandbuildsettings -format binary -platform iphonesimulator -additionalcontentfile /Users/ashkanbeheshti/Library/Developer/Xcode/DerivedData/ios_hrv-fcxfrydejuhrzkddotlidakkstku/Build/Intermediates.noindex/ios_hrv.build/Debug-iphonesimulator/ios_hrv.build/assetcatalog_generated_info.plist -scanforprivacyfile /Users/ashkanbeheshti/Library/Developer/Xcode/DerivedData/ios_hrv-fcxfrydejuhrzkddotlidakkstku/Build/Products/Debug-iphonesimulator/ios_hrv.app/SwiftProtobuf_SwiftProtobuf.bundle -scanforprivacyfile /Users/ashkanbeheshti/Library/Developer/Xcode/DerivedData/ios_hrv-fcxfrydejuhrzkddotlidakkstku/Build/Products/Debug-iphonesimulator/ios_hrv.app/swift-crypto_Crypto.bundle -o /Users/ashkanbeheshti/Library/Developer/Xcode/DerivedData/ios_hrv-fcxfrydejuhrzkddotlidakkstku/Build/Products/Debug-iphonesimulator/ios_hrv.app/Info.plist

SwiftCompile normal arm64 Compiling\ TrendsTabView.swift /Users/ashkanbeheshti/Desktop/hrv-ios-api/ios_hrv/ios_hrv/UI/Tabs/TrendsTabView.swift (in target 'ios_hrv' from project 'ios_hrv')

SwiftCompile normal arm64 /Users/ashkanbeheshti/Desktop/hrv-ios-api/ios_hrv/ios_hrv/UI/Tabs/TrendsTabView.swift (in target 'ios_hrv' from project 'ios_hrv')
    cd /Users/ashkanbeheshti/Desktop/hrv-ios-api/ios_hrv
    
/Users/ashkanbeheshti/Desktop/hrv-ios-api/ios_hrv/ios_hrv/UI/Tabs/TrendsTabView.swift:196:9: error: the compiler is unable to type-check this expression in reasonable time; try breaking up the expression into distinct sub-expressions
        VStack(alignment: .leading, spacing: 12) {
        ^~~~~~~~~~~~~~~~~~~~~~~~~~~~~~~~~~~~~~~~~~
/Users/ashkanbeheshti/Desktop/hrv-ios-api/ios_hrv/ios_hrv/UI/Tabs/TrendsTabView.swift:422:55: error: value of type 'BaselineViewModel' has no member 'parameters'
        _tempM = State(initialValue: Double(viewModel.parameters.m))
                                            ~~~~~~~~~ ^~~~~~~~~~
/Users/ashkanbeheshti/Desktop/hrv-ios-api/ios_hrv/ios_hrv/UI/Tabs/TrendsTabView.swift:423:55: error: value of type 'BaselineViewModel' has no member 'parameters'
        _tempN = State(initialValue: Double(viewModel.parameters.n))
                                            ~~~~~~~~~ ^~~~~~~~~~
/Users/ashkanbeheshti/Desktop/hrv-ios-api/ios_hrv/ios_hrv/UI/Tabs/TrendsTabView.swift:424:55: error: value of type 'BaselineViewModel' has no member 'parameters'
        _tempK = State(initialValue: Double(viewModel.parameters.k))
                                            ~~~~~~~~~ ^~~~~~~~~~
/Users/ashkanbeheshti/Desktop/hrv-ios-api/ios_hrv/ios_hrv/UI/Tabs/TrendsTabView.swift:494:35: error: value of type 'BaselineViewModel' has no dynamic member 'updateParameters' using key path from root type 'BaselineViewModel'
                        viewModel.updateParameters(
                        ~~~~~~~~~ ^~~~~~~~~~~~~~~~
/Users/ashkanbeheshti/Desktop/hrv-ios-api/ios_hrv/ios_hrv/UI/Tabs/TrendsTabView.swift:494:25: error: referencing subscript 'subscript(dynamicMember:)' requires wrapper 'ObservedObject<BaselineViewModel>.Wrapper'
                        viewModel.updateParameters(
                        ^
                        $
/Users/ashkanbeheshti/Desktop/hrv-ios-api/ios_hrv/ios_hrv/UI/Tabs/TrendsTabView.swift:494:35: error: cannot call value of non-function type 'Binding<Subject>'
                        viewModel.updateParameters(
                                  ^

Failed frontend command:
/Applications/Xcode.app/Contents/Developer/Toolchains/XcodeDefault.xctoolchain/usr/bin/swift-frontend -frontend -c /Users/ashkanbeheshti/Desktop/hrv-ios-api/ios_hrv/ios_hrv/Core/SupabaseConfig.swift /Users/ashkanbeheshti/Desktop/hrv-ios-api/ios_hrv/ios_hrv/UI/Tabs/ChartsTabView.swift /Users/ashkanbeheshti/Desktop/hrv-ios-api/ios_hrv/ios_hrv/Core/DatabaseSessionManager.swift /Users/ashkanbeheshti/Desktop/hrv-ios-api/ios_hrv/ios_hrv/Models/BaselineModels.swift /Users/ashkanbeheshti/Desktop/hrv-ios-api/ios_hrv/ios_hrv/Core/APIClient.swift /Users/ashkanbeheshti/Desktop/hrv-ios-api/ios_hrv/ios_hrv/UI/Tabs/RecordTabView.swift /Users/ashkanbeheshti/Desktop/hrv-ios-api/ios_hrv/ios_hrv/UI/Components/QueueCard.swift /Users/ashkanbeheshti/Desktop/hrv-ios-api/ios_hrv/ios_hrv/UI/Tabs/ModelsTabView.swift /Users/ashkanbeheshti/Desktop/hrv-ios-api/ios_hrv/ios_hrv/Core/CoreEngine.swift -primary-file /Users/ashkanbeheshti/Desktop/hrv-ios-api/ios_hrv/ios_hrv/UI/Tabs/TrendsTabView.swift /Users/ashkanbeheshti/Desktop/hrv-ios-api/ios_hrv/ios_hrv/UI/Components/MinimalSensorCard.swift /Users/ashkanbeheshti/Desktop/hrv-ios-api/ios_hrv/ios_hrv/Core/CoreLogger.swift /Users/ashkanbeheshti/Desktop/hrv-ios-api/ios_hrv/ios_hrv/ios_hrvApp.swift /Users/ashkanbeheshti/Desktop/hrv-ios-api/ios_hrv/ios_hrv/UI/Components/RecordingCard.swift /Users/ashkanbeheshti/Desktop/hrv-ios-api/ios_hrv/ios_hrv/Core/QueueManager.swift /Users/ashkanbeheshti/Desktop/hrv-ios-api/ios_hrv/ios_hrv/UI/Tabs/SessionsTabView.swift /Users/ashkanbeheshti/Desktop/hrv-ios-api/ios_hrv/ios_hrv/UI/AuthView.swift /Users/ashkanbeheshti/Desktop/hrv-ios-api/ios_hrv/ios_hrv/Utilities/Logger.swift /Users/ashkanbeheshti/Desktop/hrv-ios-api/ios_hrv/ios_hrv/ViewModels/BaselineViewModel.swift /Users/ashkanbeheshti/Desktop/hrv-ios-api/ios_hrv/ios_hrv/Models/SensorInfo.swift /Users/ashkanbeheshti/Desktop/hrv-ios-api/ios_hrv/ios_hrv/Core/CoreEvents.swift /Users/ashkanbeheshti/Desktop/hrv-ios-api/ios_hrv/ios_hrv/Core/SupabaseAuthService.swift /Users/ashkanbeheshti/Desktop/hrv-ios-api/ios_hrv/ios_hrv/UI/Components/ConfigCard.swift /Users/ashkanbeheshti/Desktop/hrv-ios-api/ios_hrv/ios_hrv/Models/Enums.swift /Users/ashkanbeheshti/Desktop/hrv-ios-api/ios_hrv/ios_hrv/UI/MainContentView.swift /Users/ashkanbeheshti/Desktop/hrv-ios-api/ios_hrv/ios_hrv/Core/RecordingManager.swift /Users/ashkanbeheshti/Desktop/hrv-ios-api/ios_hrv/ios_hrv/Managers/HRVAuthenticationManager.swift /Users/ashkanbeheshti/Desktop/hrv-ios-api/ios_hrv/ios_hrv/Core/CoreState.swift /Users/ashkanbeheshti/Desktop/hrv-ios-api/ios_hrv/ios_hrv/Models/UnifiedModels.swift /Users/ashkanbeheshti/Desktop/hrv-ios-api/ios_hrv/ios_hrv/UI/Components/SessionComponents.swift /Users/ashkanbeheshti/Desktop/hrv-ios-api/ios_hrv/ios_hrv/Core/AuthPersistenceManager.swift /Users/ashkanbeheshti/Desktop/hrv-ios-api/ios_hrv/ios_hrv/UI/Components/SystemDiagnosticsCard.swift /Users/ashkanbeheshti/Desktop/hrv-ios-api/ios_hrv/ios_hrv/UI/ProfileTabView.swift /Users/ashkanbeheshti/Desktop/hrv-ios-api/ios_hrv/ios_hrv/UI/Components/SensorCard.swift /Users/ashkanbeheshti/Desktop/hrv-ios-api/ios_hrv/ios_hrv/Core/BLEManager.swift /Users/ashkanbeheshti/Desktop/hrv-ios-api/ios_hrv/ios_hrv/Managers/HRVNetworkManager.swift /Users/ashkanbeheshti/Library/Developer/Xcode/DerivedData/ios_hrv-fcxfrydejuhrzkddotlidakkstku/Build/Intermediates.noindex/ios_hrv.build/Debug-iphonesimulator/ios_hrv.build/DerivedSources/GeneratedAssetSymbols.swift -emit-dependencies-path /Users/ashkanbeheshti/Library/Developer/Xcode/DerivedData/ios_hrv-fcxfrydejuhrzkddotlidakkstku/Build/Intermediates.noindex/ios_hrv.build/Debug-iphonesimulator/ios_hrv.build/Objects-normal/arm64/TrendsTabView.d -emit-const-values-path /Users/ashkanbeheshti/Library/Developer/Xcode/DerivedData/ios_hrv-fcxfrydejuhrzkddotlidakkstku/Build/Intermediates.noindex/ios_hrv.build/Debug-iphonesimulator/ios_hrv.build/Objects-normal/arm64/TrendsTabView.swiftconstvalues -emit-reference-dependencies-path /Users/ashkanbeheshti/Library/Developer/Xcode/DerivedData/ios_hrv-fcxfrydejuhrzkddotlidakkstku/Build/Intermediates.noindex/ios_hrv.build/Debug-iphonesimulator/ios_hrv.build/Objects-normal/arm64/TrendsTabView.swiftdeps -serialize-diagnostics-path /Users/ashkanbeheshti/Library/Developer/Xcode/DerivedData/ios_hrv-fcxfrydejuhrzkddotlidakkstku/Build/Intermediates.noindex/ios_hrv.build/Debug-iphonesimulator/ios_hrv.build/Objects-normal/arm64/TrendsTabView.dia -emit-localized-strings -emit-localized-strings-path /Users/ashkanbeheshti/Library/Developer/Xcode/DerivedData/ios_hrv-fcxfrydejuhrzkddotlidakkstku/Build/Intermediates.noindex/ios_hrv.build/Debug-iphonesimulator/ios_hrv.build/Objects-normal/arm64 -target arm64-apple-ios18.5-simulator -Xllvm -aarch64-use-tbi -enable-objc-interop -sdk /Applications/Xcode.app/Contents/Developer/Platforms/iPhoneSimulator.platform/Developer/SDKs/iPhoneSimulator18.5.sdk -I /Users/ashkanbeheshti/Library/Developer/Xcode/DerivedData/ios_hrv-fcxfrydejuhrzkddotlidakkstku/Build/Products/Debug-iphonesimulator -F /Users/ashkanbeheshti/Library/Developer/Xcode/DerivedData/ios_hrv-fcxfrydejuhrzkddotlidakkstku/Build/Products/Debug-iphonesimulator/PackageFrameworks -F /Users/ashkanbeheshti/Library/Developer/Xcode/DerivedData/ios_hrv-fcxfrydejuhrzkddotlidakkstku/Build/Products/Debug-iphonesimulator/PackageFrameworks -F /Users/ashkanbeheshti/Library/Developer/Xcode/DerivedData/ios_hrv-fcxfrydejuhrzkddotlidakkstku/Build/Products/Debug-iphonesimulator/PackageFrameworks -F /Users/ashkanbeheshti/Library/Developer/Xcode/DerivedData/ios_hrv-fcxfrydejuhrzkddotlidakkstku/Build/Products/Debug-iphonesimulator/PackageFrameworks -F /Users/ashkanbeheshti/Library/Developer/Xcode/DerivedData/ios_hrv-fcxfrydejuhrzkddotlidakkstku/Build/Products/Debug-iphonesimulator/PackageFrameworks -F /Users/ashkanbeheshti/Library/Developer/Xcode/DerivedData/ios_hrv-fcxfrydejuhrzkddotlidakkstku/Build/Products/Debug-iphonesimulator/PackageFrameworks -F /Users/ashkanbeheshti/Library/Developer/Xcode/DerivedData/ios_hrv-fcxfrydejuhrzkddotlidakkstku/Build/Products/Debug-iphonesimulator/PackageFrameworks -F /Users/ashkanbeheshti/Library/Developer/Xcode/DerivedData/ios_hrv-fcxfrydejuhrzkddotlidakkstku/Build/Products/Debug-iphonesimulator/PackageFrameworks -F /Users/ashkanbeheshti/Library/Developer/Xcode/DerivedData/ios_hrv-fcxfrydejuhrzkddotlidakkstku/Build/Products/Debug-iphonesimulator/PackageFrameworks -F /Users/ashkanbeheshti/Library/Developer/Xcode/DerivedData/ios_hrv-fcxfrydejuhrzkddotlidakkstku/Build/Products/Debug-iphonesimulator/PackageFrameworks -F /Users/ashkanbeheshti/Library/Developer/Xcode/DerivedData/ios_hrv-fcxfrydejuhrzkddotlidakkstku/Build/Products/Debug-iphonesimulator/PackageFrameworks -F /Users/ashkanbeheshti/Library/Developer/Xcode/DerivedData/ios_hrv-fcxfrydejuhrzkddotlidakkstku/Build/Products/Debug-iphonesimulator/PackageFrameworks -F /Users/ashkanbeheshti/Library/Developer/Xcode/DerivedData/ios_hrv-fcxfrydejuhrzkddotlidakkstku/Build/Products/Debug-iphonesimulator/PackageFrameworks -F /Users/ashkanbeheshti/Library/Developer/Xcode/DerivedData/ios_hrv-fcxfrydejuhrzkddotlidakkstku/Build/Products/Debug-iphonesimulator/PackageFrameworks -F /Users/ashkanbeheshti/Library/Developer/Xcode/DerivedData/ios_hrv-fcxfrydejuhrzkddotlidakkstku/Build/Products/Debug-iphonesimulator/PackageFrameworks -F /Users/ashkanbeheshti/Library/Developer/Xcode/DerivedData/ios_hrv-fcxfrydejuhrzkddotlidakkstku/Build/Products/Debug-iphonesimulator/PackageFrameworks -F /Users/ashkanbeheshti/Library/Developer/Xcode/DerivedData/ios_hrv-fcxfrydejuhrzkddotlidakkstku/Build/Products/Debug-iphonesimulator/PackageFrameworks -F /Users/ashkanbeheshti/Library/Developer/Xcode/DerivedData/ios_hrv-fcxfrydejuhrzkddotlidakkstku/Build/Products/Debug-iphonesimulator/PackageFrameworks -F /Users/ashkanbeheshti/Library/Developer/Xcode/DerivedData/ios_hrv-fcxfrydejuhrzkddotlidakkstku/Build/Products/Debug-iphonesimulator -no-color-diagnostics -enable-testing -g -debug-info-format\=dwarf -dwarf-version\=5 -module-cache-path /Users/ashkanbeheshti/Library/Developer/Xcode/DerivedData/ModuleCache.noindex -profile-generate -profile-coverage-mapping -swift-version 5 -enforce-exclusivity\=checked -Onone -D DEBUG -serialize-debugging-options -const-gather-protocols-file /Users/ashkanbeheshti/Library/Developer/Xcode/DerivedData/ios_hrv-fcxfrydejuhrzkddotlidakkstku/Build/Intermediates.noindex/ios_hrv.build/Debug-iphonesimulator/ios_hrv.build/Objects-normal/arm64/ios_hrv_const_extract_protocols.json -enable-experimental-feature DebugDescriptionMacro -enable-bare-slash-regex -empty-abi-descriptor -validate-clang-modules-once -clang-build-session-file /Users/ashkanbeheshti/Library/Developer/Xcode/DerivedData/ModuleCache.noindex/Session.modulevalidation -Xcc -working-directory -Xcc /Users/ashkanbeheshti/Desktop/hrv-ios-api/ios_hrv -resource-dir /Applications/Xcode.app/Contents/Developer/Toolchains/XcodeDefault.xctoolchain/usr/lib/swift -enable-anonymous-context-mangled-names -file-compilation-dir /Users/ashkanbeheshti/Desktop/hrv-ios-api/ios_hrv -Xcc -fmodule-map-file\=/Users/ashkanbeheshti/Library/Developer/Xcode/DerivedData/ios_hrv-fcxfrydejuhrzkddotlidakkstku/Build/Intermediates.noindex/GeneratedModuleMaps-iphonesimulator/Minizip.modulemap -Xcc -ivfsstatcache -Xcc /Users/ashkanbeheshti/Library/Developer/Xcode/DerivedData/SDKStatCaches.noindex/iphonesimulator18.5-22F76-d5fc8ad4295d2ef488fb7d0f804ce0c4.sdkstatcache -Xcc -I/Users/ashkanbeheshti/Library/Developer/Xcode/DerivedData/ios_hrv-fcxfrydejuhrzkddotlidakkstku/Build/Intermediates.noindex/ios_hrv.build/Debug-iphonesimulator/ios_hrv.build/swift-overrides.hmap -Xcc -iquote -Xcc /Users/ashkanbeheshti/Library/Developer/Xcode/DerivedData/ios_hrv-fcxfrydejuhrzkddotlidakkstku/Build/Intermediates.noindex/ios_hrv.build/Debug-iphonesimulator/ios_hrv.build/ios_hrv-generated-files.hmap -Xcc -I/Users/ashkanbeheshti/Library/Developer/Xcode/DerivedData/ios_hrv-fcxfrydejuhrzkddotlidakkstku/Build/Intermediates.noindex/ios_hrv.build/Debug-iphonesimulator/ios_hrv.build/ios_hrv-own-target-headers.hmap -Xcc -I/Users/ashkanbeheshti/Library/Developer/Xcode/DerivedData/ios_hrv-fcxfrydejuhrzkddotlidakkstku/Build/Intermediates.noindex/ios_hrv.build/Debug-iphonesimulator/ios_hrv.build/ios_hrv-all-non-framework-target-headers.hmap -Xcc -ivfsoverlay -Xcc /Users/ashkanbeheshti/Library/Developer/Xcode/DerivedData/ios_hrv-fcxfrydejuhrzkddotlidakkstku/Build/Intermediates.noindex/ios_hrv.build/Debug-iphonesimulator/ios_hrv-240fc5378476aa196db036ea3e4dcc32-VFS-iphonesimulator/all-product-headers.yaml -Xcc -iquote -Xcc /Users/ashkanbeheshti/Library/Developer/Xcode/DerivedData/ios_hrv-fcxfrydejuhrzkddotlidakkstku/Build/Intermediates.noindex/ios_hrv.build/Debug-iphonesimulator/ios_hrv.build/ios_hrv-project-headers.hmap -Xcc -I/Users/ashkanbeheshti/Library/Developer/Xcode/DerivedData/ios_hrv-fcxfrydejuhrzkddotlidakkstku/SourcePackages/checkouts/Zip/Zip/minizip/include -Xcc -I/Users/ashkanbeheshti/Library/Developer/Xcode/DerivedData/ios_hrv-fcxfrydejuhrzkddotlidakkstku/Build/Products/Debug-iphonesimulator/include -Xcc -I/Users/ashkanbeheshti/Library/Developer/Xcode/DerivedData/ios_hrv-fcxfrydejuhrzkddotlidakkstku/Build/Intermediates.noindex/ios_hrv.build/Debug-iphonesimulator/ios_hrv.build/DerivedSources-normal/arm64 -Xcc -I/Users/ashkanbeheshti/Library/Developer/Xcode/DerivedData/ios_hrv-fcxfrydejuhrzkddotlidakkstku/Build/Intermediates.noindex/ios_hrv.build/Debug-iphonesimulator/ios_hrv.build/DerivedSources/arm64 -Xcc -I/Users/ashkanbeheshti/Library/Developer/Xcode/DerivedData/ios_hrv-fcxfrydejuhrzkddotlidakkstku/Build/Intermediates.noindex/ios_hrv.build/Debug-iphonesimulator/ios_hrv.build/DerivedSources -Xcc -DDEBUG\=1 -module-name ios_hrv -frontend-parseable-output -disable-clang-spi -target-sdk-version 18.5 -target-sdk-name iphonesimulator18.5 -external-plugin-path /Applications/Xcode.app/Contents/Developer/Platforms/iPhoneOS.platform/Developer/usr/lib/swift/host/plugins\#/Applications/Xcode.app/Contents/Developer/Platforms/iPhoneOS.platform/Developer/usr/bin/swift-plugin-server -external-plugin-path /Applications/Xcode.app/Contents/Developer/Platforms/iPhoneOS.platform/Developer/usr/local/lib/swift/host/plugins\#/Applications/Xcode.app/Contents/Developer/Platforms/iPhoneOS.platform/Developer/usr/bin/swift-plugin-server -in-process-plugin-server-path /Applications/Xcode.app/Contents/Developer/Toolchains/XcodeDefault.xctoolchain/usr/lib/swift/host/libSwiftInProcPluginServer.dylib -plugin-path /Applications/Xcode.app/Contents/Developer/Toolchains/XcodeDefault.xctoolchain/usr/lib/swift/host/plugins -plugin-path /Applications/Xcode.app/Contents/Developer/Toolchains/XcodeDefault.xctoolchain/usr/local/lib/swift/host/plugins -o /Users/ashkanbeheshti/Library/Developer/Xcode/DerivedData/ios_hrv-fcxfrydejuhrzkddotlidakkstku/Build/Intermediates.noindex/ios_hrv.build/Debug-iphonesimulator/ios_hrv.build/Objects-normal/arm64/TrendsTabView.o -index-unit-output-path /ios_hrv.build/Debug-iphonesimulator/ios_hrv.build/Objects-normal/arm64/TrendsTabView.o -index-store-path /Users/ashkanbeheshti/Library/Developer/Xcode/DerivedData/ios_hrv-fcxfrydejuhrzkddotlidakkstku/Index.noindex/DataStore -index-system-modules
SwiftEmitModule normal arm64 Emitting\ module\ for\ ios_hrv (in target 'ios_hrv' from project 'ios_hrv')

EmitSwiftModule normal arm64 (in target 'ios_hrv' from project 'ios_hrv')
    cd /Users/ashkanbeheshti/Desktop/hrv-ios-api/ios_hrv
    

SwiftDriverJobDiscovery normal arm64 Emitting module for ios_hrv (in target 'ios_hrv' from project 'ios_hrv')

SwiftDriver\ Compilation\ Requirements ios_hrv normal arm64 com.apple.xcode.tools.swift.compiler (in target 'ios_hrv' from project 'ios_hrv')
    cd /Users/ashkanbeheshti/Desktop/hrv-ios-api/ios_hrv
    builtin-Swift-Compilation-Requirements -- /Applications/Xcode.app/Contents/Developer/Toolchains/XcodeDefault.xctoolchain/usr/bin/swiftc -module-name ios_hrv -Onone -enforce-exclusivity\=checked @/Users/ashkanbeheshti/Library/Developer/Xcode/DerivedData/ios_hrv-fcxfrydejuhrzkddotlidakkstku/Build/Intermediates.noindex/ios_hrv.build/Debug-iphonesimulator/ios_hrv.build/Objects-normal/arm64/ios_hrv.SwiftFileList -DDEBUG -Xcc -fmodule-map-file\=/Users/ashkanbeheshti/Library/Developer/Xcode/DerivedData/ios_hrv-fcxfrydejuhrzkddotlidakkstku/Build/Intermediates.noindex/GeneratedModuleMaps-iphonesimulator/Minizip.modulemap -enable-bare-slash-regex -enable-experimental-feature DebugDescriptionMacro -sdk /Applications/Xcode.app/Contents/Developer/Platforms/iPhoneSimulator.platform/Developer/SDKs/iPhoneSimulator18.5.sdk -target arm64-apple-ios18.5-simulator -g -module-cache-path /Users/ashkanbeheshti/Library/Developer/Xcode/DerivedData/ModuleCache.noindex -Xfrontend -serialize-debugging-options -profile-coverage-mapping -profile-generate -enable-testing -index-store-path /Users/ashkanbeheshti/Library/Developer/Xcode/DerivedData/ios_hrv-fcxfrydejuhrzkddotlidakkstku/Index.noindex/DataStore -swift-version 5 -I /Users/ashkanbeheshti/Library/Developer/Xcode/DerivedData/ios_hrv-fcxfrydejuhrzkddotlidakkstku/Build/Products/Debug-iphonesimulator -F /Users/ashkanbeheshti/Library/Developer/Xcode/DerivedData/ios_hrv-fcxfrydejuhrzkddotlidakkstku/Build/Products/Debug-iphonesimulator/PackageFrameworks -F /Users/ashkanbeheshti/Library/Developer/Xcode/DerivedData/ios_hrv-fcxfrydejuhrzkddotlidakkstku/Build/Products/Debug-iphonesimulator/PackageFrameworks -F /Users/ashkanbeheshti/Library/Developer/Xcode/DerivedData/ios_hrv-fcxfrydejuhrzkddotlidakkstku/Build/Products/Debug-iphonesimulator/PackageFrameworks -F /Users/ashkanbeheshti/Library/Developer/Xcode/DerivedData/ios_hrv-fcxfrydejuhrzkddotlidakkstku/Build/Products/Debug-iphonesimulator/PackageFrameworks -F /Users/ashkanbeheshti/Library/Developer/Xcode/DerivedData/ios_hrv-fcxfrydejuhrzkddotlidakkstku/Build/Products/Debug-iphonesimulator/PackageFrameworks -F /Users/ashkanbeheshti/Library/Developer/Xcode/DerivedData/ios_hrv-fcxfrydejuhrzkddotlidakkstku/Build/Products/Debug-iphonesimulator/PackageFrameworks -F /Users/ashkanbeheshti/Library/Developer/Xcode/DerivedData/ios_hrv-fcxfrydejuhrzkddotlidakkstku/Build/Products/Debug-iphonesimulator/PackageFrameworks -F /Users/ashkanbeheshti/Library/Developer/Xcode/DerivedData/ios_hrv-fcxfrydejuhrzkddotlidakkstku/Build/Products/Debug-iphonesimulator/PackageFrameworks -F /Users/ashkanbeheshti/Library/Developer/Xcode/DerivedData/ios_hrv-fcxfrydejuhrzkddotlidakkstku/Build/Products/Debug-iphonesimulator/PackageFrameworks -F /Users/ashkanbeheshti/Library/Developer/Xcode/DerivedData/ios_hrv-fcxfrydejuhrzkddotlidakkstku/Build/Products/Debug-iphonesimulator/PackageFrameworks -F /Users/ashkanbeheshti/Library/Developer/Xcode/DerivedData/ios_hrv-fcxfrydejuhrzkddotlidakkstku/Build/Products/Debug-iphonesimulator/PackageFrameworks -F /Users/ashkanbeheshti/Library/Developer/Xcode/DerivedData/ios_hrv-fcxfrydejuhrzkddotlidakkstku/Build/Products/Debug-iphonesimulator/PackageFrameworks -F /Users/ashkanbeheshti/Library/Developer/Xcode/DerivedData/ios_hrv-fcxfrydejuhrzkddotlidakkstku/Build/Products/Debug-iphonesimulator/PackageFrameworks -F /Users/ashkanbeheshti/Library/Developer/Xcode/DerivedData/ios_hrv-fcxfrydejuhrzkddotlidakkstku/Build/Products/Debug-iphonesimulator/PackageFrameworks -F /Users/ashkanbeheshti/Library/Developer/Xcode/DerivedData/ios_hrv-fcxfrydejuhrzkddotlidakkstku/Build/Products/Debug-iphonesimulator/PackageFrameworks -F /Users/ashkanbeheshti/Library/Developer/Xcode/DerivedData/ios_hrv-fcxfrydejuhrzkddotlidakkstku/Build/Products/Debug-iphonesimulator/PackageFrameworks -F /Users/ashkanbeheshti/Library/Developer/Xcode/DerivedData/ios_hrv-fcxfrydejuhrzkddotlidakkstku/Build/Products/Debug-iphonesimulator/PackageFrameworks -F /Users/ashkanbeheshti/Library/Developer/Xcode/DerivedData/ios_hrv-fcxfrydejuhrzkddotlidakkstku/Build/Products/Debug-iphonesimulator/PackageFrameworks -F /Users/ashkanbeheshti/Library/Developer/Xcode/DerivedData/ios_hrv-fcxfrydejuhrzkddotlidakkstku/Build/Products/Debug-iphonesimulator -emit-localized-strings -emit-localized-strings-path /Users/ashkanbeheshti/Library/Developer/Xcode/DerivedData/ios_hrv-fcxfrydejuhrzkddotlidakkstku/Build/Intermediates.noindex/ios_hrv.build/Debug-iphonesimulator/ios_hrv.build/Objects-normal/arm64 -c -j10 -enable-batch-mode -incremental -Xcc -ivfsstatcache -Xcc /Users/ashkanbeheshti/Library/Developer/Xcode/DerivedData/SDKStatCaches.noindex/iphonesimulator18.5-22F76-d5fc8ad4295d2ef488fb7d0f804ce0c4.sdkstatcache -output-file-map /Users/ashkanbeheshti/Library/Developer/Xcode/DerivedData/ios_hrv-fcxfrydejuhrzkddotlidakkstku/Build/Intermediates.noindex/ios_hrv.build/Debug-iphonesimulator/ios_hrv.build/Objects-normal/arm64/ios_hrv-OutputFileMap.json -use-frontend-parseable-output -save-temps -no-color-diagnostics -serialize-diagnostics -emit-dependencies -emit-module -emit-module-path /Users/ashkanbeheshti/Library/Developer/Xcode/DerivedData/ios_hrv-fcxfrydejuhrzkddotlidakkstku/Build/Intermediates.noindex/ios_hrv.build/Debug-iphonesimulator/ios_hrv.build/Objects-normal/arm64/ios_hrv.swiftmodule -validate-clang-modules-once -clang-build-session-file /Users/ashkanbeheshti/Library/Developer/Xcode/DerivedData/ModuleCache.noindex/Session.modulevalidation -Xcc -I/Users/ashkanbeheshti/Library/Developer/Xcode/DerivedData/ios_hrv-fcxfrydejuhrzkddotlidakkstku/Build/Intermediates.noindex/ios_hrv.build/Debug-iphonesimulator/ios_hrv.build/swift-overrides.hmap -emit-const-values -Xfrontend -const-gather-protocols-file -Xfrontend /Users/ashkanbeheshti/Library/Developer/Xcode/DerivedData/ios_hrv-fcxfrydejuhrzkddotlidakkstku/Build/Intermediates.noindex/ios_hrv.build/Debug-iphonesimulator/ios_hrv.build/Objects-normal/arm64/ios_hrv_const_extract_protocols.json -Xcc -iquote -Xcc /Users/ashkanbeheshti/Library/Developer/Xcode/DerivedData/ios_hrv-fcxfrydejuhrzkddotlidakkstku/Build/Intermediates.noindex/ios_hrv.build/Debug-iphonesimulator/ios_hrv.build/ios_hrv-generated-files.hmap -Xcc -I/Users/ashkanbeheshti/Library/Developer/Xcode/DerivedData/ios_hrv-fcxfrydejuhrzkddotlidakkstku/Build/Intermediates.noindex/ios_hrv.build/Debug-iphonesimulator/ios_hrv.build/ios_hrv-own-target-headers.hmap -Xcc -I/Users/ashkanbeheshti/Library/Developer/Xcode/DerivedData/ios_hrv-fcxfrydejuhrzkddotlidakkstku/Build/Intermediates.noindex/ios_hrv.build/Debug-iphonesimulator/ios_hrv.build/ios_hrv-all-non-framework-target-headers.hmap -Xcc -ivfsoverlay -Xcc /Users/ashkanbeheshti/Library/Developer/Xcode/DerivedData/ios_hrv-fcxfrydejuhrzkddotlidakkstku/Build/Intermediates.noindex/ios_hrv.build/Debug-iphonesimulator/ios_hrv-240fc5378476aa196db036ea3e4dcc32-VFS-iphonesimulator/all-product-headers.yaml -Xcc -iquote -Xcc /Users/ashkanbeheshti/Library/Developer/Xcode/DerivedData/ios_hrv-fcxfrydejuhrzkddotlidakkstku/Build/Intermediates.noindex/ios_hrv.build/Debug-iphonesimulator/ios_hrv.build/ios_hrv-project-headers.hmap -Xcc -I/Users/ashkanbeheshti/Library/Developer/Xcode/DerivedData/ios_hrv-fcxfrydejuhrzkddotlidakkstku/SourcePackages/checkouts/Zip/Zip/minizip/include -Xcc -I/Users/ashkanbeheshti/Library/Developer/Xcode/DerivedData/ios_hrv-fcxfrydejuhrzkddotlidakkstku/Build/Products/Debug-iphonesimulator/include -Xcc -I/Users/ashkanbeheshti/Library/Developer/Xcode/DerivedData/ios_hrv-fcxfrydejuhrzkddotlidakkstku/Build/Intermediates.noindex/ios_hrv.build/Debug-iphonesimulator/ios_hrv.build/DerivedSources-normal/arm64 -Xcc -I/Users/ashkanbeheshti/Library/Developer/Xcode/DerivedData/ios_hrv-fcxfrydejuhrzkddotlidakkstku/Build/Intermediates.noindex/ios_hrv.build/Debug-iphonesimulator/ios_hrv.build/DerivedSources/arm64 -Xcc -I/Users/ashkanbeheshti/Library/Developer/Xcode/DerivedData/ios_hrv-fcxfrydejuhrzkddotlidakkstku/Build/Intermediates.noindex/ios_hrv.build/Debug-iphonesimulator/ios_hrv.build/DerivedSources -Xcc -DDEBUG\=1 -emit-objc-header -emit-objc-header-path /Users/ashkanbeheshti/Library/Developer/Xcode/DerivedData/ios_hrv-fcxfrydejuhrzkddotlidakkstku/Build/Intermediates.noindex/ios_hrv.build/Debug-iphonesimulator/ios_hrv.build/Objects-normal/arm64/ios_hrv-Swift.h -working-directory /Users/ashkanbeheshti/Desktop/hrv-ios-api/ios_hrv -experimental-emit-module-separately -disable-cmo

Copy /Users/ashkanbeheshti/Library/Developer/Xcode/DerivedData/ios_hrv-fcxfrydejuhrzkddotlidakkstku/Build/Products/Debug-iphonesimulator/ios_hrv.swiftmodule/arm64-apple-ios-simulator.swiftmodule /Users/ashkanbeheshti/Library/Developer/Xcode/DerivedData/ios_hrv-fcxfrydejuhrzkddotlidakkstku/Build/Intermediates.noindex/ios_hrv.build/Debug-iphonesimulator/ios_hrv.build/Objects-normal/arm64/ios_hrv.swiftmodule (in target 'ios_hrv' from project 'ios_hrv')
    cd /Users/ashkanbeheshti/Desktop/hrv-ios-api/ios_hrv
    builtin-copy -exclude .DS_Store -exclude CVS -exclude .svn -exclude .git -exclude .hg -resolve-src-symlinks -rename /Users/ashkanbeheshti/Library/Developer/Xcode/DerivedData/ios_hrv-fcxfrydejuhrzkddotlidakkstku/Build/Intermediates.noindex/ios_hrv.build/Debug-iphonesimulator/ios_hrv.build/Objects-normal/arm64/ios_hrv.swiftmodule /Users/ashkanbeheshti/Library/Developer/Xcode/DerivedData/ios_hrv-fcxfrydejuhrzkddotlidakkstku/Build/Products/Debug-iphonesimulator/ios_hrv.swiftmodule/arm64-apple-ios-simulator.swiftmodule

Copy /Users/ashkanbeheshti/Library/Developer/Xcode/DerivedData/ios_hrv-fcxfrydejuhrzkddotlidakkstku/Build/Products/Debug-iphonesimulator/ios_hrv.swiftmodule/arm64-apple-ios-simulator.abi.json /Users/ashkanbeheshti/Library/Developer/Xcode/DerivedData/ios_hrv-fcxfrydejuhrzkddotlidakkstku/Build/Intermediates.noindex/ios_hrv.build/Debug-iphonesimulator/ios_hrv.build/Objects-normal/arm64/ios_hrv.abi.json (in target 'ios_hrv' from project 'ios_hrv')
    cd /Users/ashkanbeheshti/Desktop/hrv-ios-api/ios_hrv
    builtin-copy -exclude .DS_Store -exclude CVS -exclude .svn -exclude .git -exclude .hg -resolve-src-symlinks -rename /Users/ashkanbeheshti/Library/Developer/Xcode/DerivedData/ios_hrv-fcxfrydejuhrzkddotlidakkstku/Build/Intermediates.noindex/ios_hrv.build/Debug-iphonesimulator/ios_hrv.build/Objects-normal/arm64/ios_hrv.abi.json /Users/ashkanbeheshti/Library/Developer/Xcode/DerivedData/ios_hrv-fcxfrydejuhrzkddotlidakkstku/Build/Products/Debug-iphonesimulator/ios_hrv.swiftmodule/arm64-apple-ios-simulator.abi.json

Copy /Users/ashkanbeheshti/Library/Developer/Xcode/DerivedData/ios_hrv-fcxfrydejuhrzkddotlidakkstku/Build/Products/Debug-iphonesimulator/ios_hrv.swiftmodule/Project/arm64-apple-ios-simulator.swiftsourceinfo /Users/ashkanbeheshti/Library/Developer/Xcode/DerivedData/ios_hrv-fcxfrydejuhrzkddotlidakkstku/Build/Intermediates.noindex/ios_hrv.build/Debug-iphonesimulator/ios_hrv.build/Objects-normal/arm64/ios_hrv.swiftsourceinfo (in target 'ios_hrv' from project 'ios_hrv')
    cd /Users/ashkanbeheshti/Desktop/hrv-ios-api/ios_hrv
    builtin-copy -exclude .DS_Store -exclude CVS -exclude .svn -exclude .git -exclude .hg -resolve-src-symlinks -rename /Users/ashkanbeheshti/Library/Developer/Xcode/DerivedData/ios_hrv-fcxfrydejuhrzkddotlidakkstku/Build/Intermediates.noindex/ios_hrv.build/Debug-iphonesimulator/ios_hrv.build/Objects-normal/arm64/ios_hrv.swiftsourceinfo /Users/ashkanbeheshti/Library/Developer/Xcode/DerivedData/ios_hrv-fcxfrydejuhrzkddotlidakkstku/Build/Products/Debug-iphonesimulator/ios_hrv.swiftmodule/Project/arm64-apple-ios-simulator.swiftsourceinfo

** BUILD FAILED **


The following build commands failed:
	SwiftCompile normal arm64 /Users/ashkanbeheshti/Desktop/hrv-ios-api/ios_hrv/ios_hrv/UI/Tabs/TrendsTabView.swift (in target 'ios_hrv' from project 'ios_hrv')
	SwiftCompile normal arm64 Compiling\ TrendsTabView.swift /Users/ashkanbeheshti/Desktop/hrv-ios-api/ios_hrv/ios_hrv/UI/Tabs/TrendsTabView.swift (in target 'ios_hrv' from project 'ios_hrv')
	Building project ios_hrv with scheme ios_hrv
(3 failures)
